<?xml version="1.0" encoding="UTF-8"?>
<!-- Generated by org.testng.reporters.JUnitReportReporter -->
<testsuite hostname="LIN79001362" failures="0" tests="1" name="com.test.assessment.ChromeCpuComparison" time="14.486" errors="0" timestamp="2024-03-13T12:33:00 IST" skipped="0">
  <testcase classname="com.test.assessment.ChromeCpuComparison" name="test" time="14.486"/>
</testsuite> <!-- com.test.assessment.ChromeCpuComparison -->
