<?xml version="1.0" encoding="UTF-8"?>
<!-- Generated by org.testng.reporters.JUnitReportReporter -->
<testsuite hostname="LIN79001362" failures="0" tests="1" name="com.test.assessment.RegisterUserFlow" time="17.163" errors="0" timestamp="2024-03-13T12:35:21 IST" skipped="0">
  <testcase classname="com.test.assessment.RegisterUserFlow" name="test" time="17.163"/>
</testsuite> <!-- com.test.assessment.RegisterUserFlow -->
