<?xml version="1.0" encoding="UTF-8"?>
<!-- Generated by org.testng.reporters.JUnitReportReporter -->
<testsuite hostname="LIN79001362" failures="0" tests="1" name="com.test.demo.ParaBankCustomerCare" time="31.405" errors="0" timestamp="2024-03-06T11:36:14 IST" skipped="0">
  <testcase classname="com.test.demo.ParaBankCustomerCare" name="demo" time="31.405"/>
</testsuite> <!-- com.test.demo.ParaBankCustomerCare -->
